{"contracts/Token.sol":{"l":{"11":2},"path":"/home/filop/projects/eth/token-factory/contracts/Token.sol","s":{"1":2},"b":{},"f":{"1":2},"fnMap":{"1":{"name":"constructor","line":10,"loc":{"start":{"line":8,"column":2},"end":{"line":12,"column":2}}}},"statementMap":{"1":{"start":{"line":11,"column":10},"end":{"line":11,"column":42}}},"branchMap":{}},"contracts/TokenFactory.sol":{"l":{"14":2,"15":2,"16":2,"25":2,"26":2,"27":2,"28":2,"29":2,"33":2,"37":2,"41":2},"path":"/home/filop/projects/eth/token-factory/contracts/TokenFactory.sol","s":{"1":2,"2":2,"3":2,"4":2,"5":2,"6":2,"7":2,"8":2,"9":2,"10":2},"b":{},"f":{"1":3,"2":2,"3":2,"4":2,"5":2,"6":2},"fnMap":{"1":{"name":"constructor","line":11,"loc":{"start":{"line":11,"column":4},"end":{"line":11,"column":19}}},"2":{"name":"addTokenToDeployedToken","line":13,"loc":{"start":{"line":13,"column":4},"end":{"line":17,"column":4}}},"3":{"name":"deployNewToken","line":24,"loc":{"start":{"line":19,"column":4},"end":{"line":30,"column":4}}},"4":{"name":"getTokenAddress","line":32,"loc":{"start":{"line":32,"column":4},"end":{"line":34,"column":4}}},"5":{"name":"getTokenCounter","line":36,"loc":{"start":{"line":36,"column":4},"end":{"line":38,"column":4}}},"6":{"name":"getTokenDeployed","line":40,"loc":{"start":{"line":40,"column":4},"end":{"line":42,"column":4}}}},"statementMap":{"1":{"start":{"line":14,"column":8},"end":{"line":14,"column":33}},"2":{"start":{"line":15,"column":8},"end":{"line":15,"column":36}},"3":{"start":{"line":25,"column":8},"end":{"line":25,"column":56}},"4":{"start":{"line":26,"column":8},"end":{"line":26,"column":43}},"5":{"start":{"line":27,"column":8},"end":{"line":27,"column":51}},"6":{"start":{"line":28,"column":8},"end":{"line":28,"column":49}},"7":{"start":{"line":29,"column":8},"end":{"line":29,"column":32}},"8":{"start":{"line":33,"column":8},"end":{"line":33,"column":35}},"9":{"start":{"line":37,"column":8},"end":{"line":37,"column":27}},"10":{"start":{"line":41,"column":8},"end":{"line":41,"column":37}}},"branchMap":{}}}