{"contracts/Token.sol":{"l":{"11":2},"path":"/home/filop/projects/eth/token-factory/contracts/Token.sol","s":{"1":2},"b":{},"f":{"1":2},"fnMap":{"1":{"name":"constructor","line":10,"loc":{"start":{"line":8,"column":2},"end":{"line":12,"column":2}}}},"statementMap":{"1":{"start":{"line":11,"column":10},"end":{"line":11,"column":42}}},"branchMap":{}},"contracts/TokenFactory.sol":{"l":{"19":2,"20":2,"21":2,"22":2,"23":2,"24":2,"26":2,"30":2,"34":2,"38":2},"path":"/home/filop/projects/eth/token-factory/contracts/TokenFactory.sol","s":{"1":2,"2":2,"3":2,"4":2,"5":2,"6":2,"7":2,"8":2,"9":2},"b":{},"f":{"1":3,"2":2,"3":2,"4":2,"5":2},"fnMap":{"1":{"name":"constructor","line":11,"loc":{"start":{"line":11,"column":4},"end":{"line":11,"column":19}}},"2":{"name":"deployNewToken","line":18,"loc":{"start":{"line":13,"column":4},"end":{"line":27,"column":4}}},"3":{"name":"getTokenAddress","line":29,"loc":{"start":{"line":29,"column":4},"end":{"line":31,"column":4}}},"4":{"name":"getTokenCounter","line":33,"loc":{"start":{"line":33,"column":4},"end":{"line":35,"column":4}}},"5":{"name":"getTokenDeployed","line":37,"loc":{"start":{"line":37,"column":4},"end":{"line":39,"column":4}}}},"statementMap":{"1":{"start":{"line":19,"column":8},"end":{"line":19,"column":56}},"2":{"start":{"line":20,"column":8},"end":{"line":20,"column":43}},"3":{"start":{"line":21,"column":8},"end":{"line":21,"column":45}},"4":{"start":{"line":23,"column":8},"end":{"line":23,"column":49}},"5":{"start":{"line":24,"column":8},"end":{"line":24,"column":48}},"6":{"start":{"line":26,"column":8},"end":{"line":26,"column":32}},"7":{"start":{"line":30,"column":8},"end":{"line":30,"column":35}},"8":{"start":{"line":34,"column":8},"end":{"line":34,"column":27}},"9":{"start":{"line":38,"column":8},"end":{"line":38,"column":37}}},"branchMap":{}}}